<?xml version="1.0" encoding="UTF-8"?>
<testsuite name="org.example.CalculatorTest" tests="4" skipped="0" failures="0" errors="0" timestamp="2022-10-05T09:25:50" hostname="KOS-NOTEBOOK" time="0.046">
  <properties/>
  <testcase name="div()" classname="org.example.CalculatorTest" time="0.036"/>
  <testcase name="mul()" classname="org.example.CalculatorTest" time="0.003"/>
  <testcase name="plus()" classname="org.example.CalculatorTest" time="0.002"/>
  <testcase name="minus()" classname="org.example.CalculatorTest" time="0.002"/>
  <system-out><![CDATA[]]></system-out>
  <system-err><![CDATA[]]></system-err>
</testsuite>
